2025-07-03 23:17:34.567685 INFO::Writing function arguments to log file
2025-07-03 23:17:34.569801 DEBUG::Function arguments
2025-07-03 23:17:34.570757 DEBUG::Output folder: R_output/MaAsLin3/MaAsLin3_sediment
2025-07-03 23:17:34.571625 DEBUG::Formula:
2025-07-03 23:17:34.572388 DEBUG::Fixed effects: treatment_conc
2025-07-03 23:17:34.573128 DEBUG::Reference:
2025-07-03 23:17:34.5739 DEBUG::Random effects: enclosure
2025-07-03 23:17:34.574646 DEBUG::Group effects:
2025-07-03 23:17:34.575402 DEBUG::Ordered effects:
2025-07-03 23:17:34.576483 DEBUG::Strata effects:
2025-07-03 23:17:34.577721 DEBUG::Min Abundance: 0.000000
2025-07-03 23:17:34.578897 DEBUG::Min Prevalence: 0.000000
2025-07-03 23:17:34.579813 DEBUG::Zero Threshold: 0.000000
2025-07-03 23:17:34.581157 DEBUG::Min variance: 0.000000
2025-07-03 23:17:34.582363 DEBUG::Max significance: 0.100000
2025-07-03 23:17:34.583527 DEBUG::Normalization: TSS
2025-07-03 23:17:34.584658 DEBUG::Transform: LOG
2025-07-03 23:17:34.586075 DEBUG::Correction method: BH
2025-07-03 23:17:34.587554 DEBUG::Standardize: TRUE
2025-07-03 23:17:34.588617 DEBUG::Abundance median comparison: TRUE
2025-07-03 23:17:34.589754 DEBUG::Prevalence median comparison: FALSE
2025-07-03 23:17:34.590728 DEBUG::Abundance median comparison threshold: 0
2025-07-03 23:17:34.591584 DEBUG::Prevalence median comparison threshold: 0
2025-07-03 23:17:34.592761 DEBUG::Subtract median: FALSE
2025-07-03 23:17:34.593817 DEBUG::Warn prevalence: TRUE
2025-07-03 23:17:34.595034 DEBUG::Small random effects: FALSE
2025-07-03 23:17:34.596185 DEBUG::Augment: TRUE
2025-07-03 23:17:34.597116 DEBUG::Evaluate only:
2025-07-03 23:17:34.597837 DEBUG::Cores: 1
2025-07-03 23:17:34.598671 DEBUG::Balanced Summary plot: FALSE
2025-07-03 23:17:34.599855 INFO::Verifying options selected are valid
2025-07-03 23:17:34.601999 INFO::Determining format of input files
2025-07-03 23:17:34.604053 INFO::Input format is data samples as rows and metadata samples as rows
2025-07-03 23:17:34.605681 DEBUG::A total of 10 samples were found in both the data and metadata
2025-07-03 23:17:34.606552 DEBUG::Reordering data/metadata to use same sample ordering
2025-07-03 23:17:34.608393 INFO::Formula for random effects: expr ~ (1 | enclosure)
2025-07-03 23:17:34.610273 INFO::Formula for fixed effects: expr ~  treatment_conc
2025-07-03 23:17:34.612828 INFO::Running selected normalization method: TSS
2025-07-03 23:17:34.617579 INFO::Writing normalized data to file R_output/MaAsLin3/MaAsLin3_sediment/features/data_norm.tsv
2025-07-03 23:17:34.622959 INFO::Filter data based on min abundance and min prevalence
2025-07-03 23:17:34.625882 INFO::Total samples in data: 10
2025-07-03 23:17:34.62768 INFO::Min samples required with min abundance for a feature not to be filtered: 0.000000
2025-07-03 23:17:34.638299 INFO::Total filtered features: 0
2025-07-03 23:17:34.641894 INFO::Filtered feature names from abundance and prevalence filtering:
2025-07-03 23:17:34.645576 INFO::Total features filtered by non-zero variance filtering: 4
2025-07-03 23:17:34.64783 INFO::Filtered feature names from variance filtering: Euamoebida_Tubulinida_sp., Spongomonas_Spongomonas_minima, Catenaria_Catenaria_sp., Diplostraca_Acantholeberis_curvirostris
2025-07-03 23:17:34.649742 INFO::Writing filtered data to file R_output/MaAsLin3/MaAsLin3_sediment/features/filtered_data.tsv
2025-07-03 23:17:34.654297 INFO::Running selected transform method: LOG
2025-07-03 23:17:34.657691 INFO::Writing normalized, filtered, transformed data to file R_output/MaAsLin3/MaAsLin3_sediment/features/data_transformed.tsv
2025-07-03 23:17:34.661769 INFO::Applying z-score to standardize continuous metadata
2025-07-03 23:17:34.67116 INFO::Running the linear model component
2025-07-03 23:17:34.675889 DEBUG::Object: augment, Size: 56
2025-07-03 23:17:34.676827 DEBUG::Object: cluster, Size: 0
2025-07-03 23:17:34.677508 DEBUG::Object: cores, Size: 56
2025-07-03 23:17:34.6782 DEBUG::Object: correction, Size: 112
2025-07-03 23:17:34.678986 DEBUG::Object: extract_out, Size: 1864
2025-07-03 23:17:34.679912 DEBUG::Object: feature_specific_covariate, Size: 0
2025-07-03 23:17:34.680626 DEBUG::Object: feature_specific_covariate_name, Size: 0
2025-07-03 23:17:34.681262 DEBUG::Object: feature_specific_covariate_record, Size: 0
2025-07-03 23:17:34.681918 DEBUG::Object: features, Size: 19944
2025-07-03 23:17:34.68263 DEBUG::Object: formula, Size: 1456
2025-07-03 23:17:34.683371 DEBUG::Object: fun_list, Size: 124640
2025-07-03 23:17:34.68434 DEBUG::Object: func_to_run, Size: 435336
2025-07-03 23:17:34.685124 DEBUG::Object: groups, Size: 48
2025-07-03 23:17:34.686027 DEBUG::Object: median_comparison, Size: 56
2025-07-03 23:17:34.687114 DEBUG::Object: median_comparison_threshold, Size: 56
2025-07-03 23:17:34.688185 DEBUG::Object: metadata, Size: 11912
2025-07-03 23:17:34.689014 DEBUG::Object: model, Size: 112
2025-07-03 23:17:34.689936 DEBUG::Object: model_function, Size: 71464
2025-07-03 23:17:34.690714 DEBUG::Object: ordereds, Size: 48
2025-07-03 23:17:34.69154 DEBUG::Object: random_effects_formula, Size: 1176
2025-07-03 23:17:34.69234 DEBUG::Object: ranef_function, Size: 1240
2025-07-03 23:17:34.693032 DEBUG::Object: save_models, Size: 56
2025-07-03 23:17:34.693849 DEBUG::Object: small_random_effects, Size: 56
2025-07-03 23:17:34.694642 DEBUG::Object: strata, Size: 48
2025-07-03 23:17:34.695408 DEBUG::Object: subtract_median, Size: 56
2025-07-03 23:17:34.696158 DEBUG::Object: summary_function, Size: 51456
2025-07-03 23:17:34.69694 DEBUG::Object: func_to_run, Size: 435336
2025-07-03 23:17:34.698053 INFO::Fitting model to feature number 1, Euamoebida_Copromyxa_microcystidis
2025-07-03 23:17:34.722742 WARNING::Fitting problem for feature 1 returning NA
2025-07-03 23:17:34.727193 INFO::Fitting model to feature number 2, Euamoebida_Copromyxa_sp.
2025-07-03 23:17:34.754112 WARNING::Fitting problem for feature 2 returning NA
2025-07-03 23:17:34.758678 INFO::Fitting model to feature number 3, Vahlkampfia_Vahlkampfia_avara
2025-07-03 23:17:34.784903 WARNING::Fitting problem for feature 3 returning NA
2025-07-03 23:17:34.789988 INFO::Fitting model to feature number 4, Tetramitus_Tetramitus_thorntoni
2025-07-03 23:17:34.81858 WARNING::Fitting problem for feature 4 returning NA
2025-07-03 23:17:34.82427 INFO::Fitting model to feature number 5, Arcellinida_metagenome
2025-07-03 23:17:34.84977 WARNING::Fitting problem for feature 5 returning NA
2025-07-03 23:17:34.855044 INFO::Fitting model to feature number 6, BOLA868_uncultured_Hartmannellidae
2025-07-03 23:17:34.905813 WARNING::Fitting problem for feature 6 returning NA
2025-07-03 23:17:34.910486 INFO::Fitting model to feature number 7, Cercomonas_uncultured_Cercozoa
2025-07-03 23:17:34.93854 WARNING::Fitting problem for feature 7 returning NA
2025-07-03 23:17:34.943006 INFO::Fitting model to feature number 8, Viridiraptor_uncultured_eukaryote
2025-07-03 23:17:34.967459 WARNING::Fitting problem for feature 8 returning NA
2025-07-03 23:17:34.97171 INFO::Fitting model to feature number 9, uncultured_uncultured_Eimeriidae
2025-07-03 23:17:34.996955 WARNING::Fitting problem for feature 9 returning NA
2025-07-03 23:17:35.003253 INFO::Fitting model to feature number 10, Cercozoa_uncultured_eukaryote
2025-07-03 23:17:35.051515 WARNING::Fitting problem for feature 10 returning NA
2025-07-03 23:17:35.058499 INFO::Fitting model to feature number 11, Novel_Clade_Gran-4_uncultured_Cercozoa
2025-07-03 23:17:35.088362 WARNING::Fitting problem for feature 11 returning NA
2025-07-03 23:17:35.094138 INFO::Fitting model to feature number 12, Novel_Clade_Gran-3_uncultured_freshwater
2025-07-03 23:17:35.122372 WARNING::Fitting problem for feature 12 returning NA
2025-07-03 23:17:35.127426 INFO::Fitting model to feature number 13, Ligniera_Ligniera_junci
2025-07-03 23:17:35.153226 WARNING::Fitting problem for feature 13 returning NA
2025-07-03 23:17:35.15871 INFO::Fitting model to feature number 14, Polymyxa_uncultured_Plasmodiophoridae
2025-07-03 23:17:35.183564 WARNING::Fitting problem for feature 14 returning NA
2025-07-03 23:17:35.188714 INFO::Fitting model to feature number 15, uncultured_Spongospora_sp.
2025-07-03 23:17:35.215237 WARNING::Fitting problem for feature 15 returning NA
2025-07-03 23:17:35.219993 INFO::Fitting model to feature number 16, Phytomyxea_uncultured_Plasmodiophoridae
2025-07-03 23:17:35.24413 WARNING::Fitting problem for feature 16 returning NA
2025-07-03 23:17:35.249142 INFO::Fitting model to feature number 17, Woronina_uncultured_Plasmodiophoridae
2025-07-03 23:17:35.274024 WARNING::Fitting problem for feature 17 returning NA
2025-07-03 23:17:35.279382 INFO::Fitting model to feature number 18, Cercozoa_Athalamea_environmental
2025-07-03 23:17:35.303548 WARNING::Fitting problem for feature 18 returning NA
2025-07-03 23:17:35.307723 INFO::Fitting model to feature number 19, uncultured_Dimorpha-like_sp.
2025-07-03 23:17:35.331709 WARNING::Fitting problem for feature 19 returning NA
2025-07-03 23:17:35.336064 INFO::Fitting model to feature number 20, Gymnophrys_metagenome
2025-07-03 23:17:35.362671 WARNING::Fitting problem for feature 20 returning NA
2025-07-03 23:17:35.36712 INFO::Fitting model to feature number 21, Novel_Clade_10_uncultured_Rhizaria
2025-07-03 23:17:35.392678 WARNING::Fitting problem for feature 21 returning NA
2025-07-03 23:17:35.397455 INFO::Fitting model to feature number 22, Goniomonas_Goniomonas_sp.
2025-07-03 23:17:35.425088 WARNING::Fitting problem for feature 22 returning NA
2025-07-03 23:17:35.43011 INFO::Fitting model to feature number 23, Nuclearia_metagenome
2025-07-03 23:17:35.456148 WARNING::Fitting problem for feature 23 returning NA
2025-07-03 23:17:35.461251 INFO::Fitting model to feature number 24, Salpingoeca_metagenome
2025-07-03 23:17:35.492314 WARNING::Fitting problem for feature 24 returning NA
2025-07-03 23:17:35.497403 INFO::Fitting model to feature number 25, Saccamoeba_Saccamoeba_limax
2025-07-03 23:17:35.52391 WARNING::Fitting problem for feature 25 returning NA
2025-07-03 23:17:35.528239 INFO::Fitting model to feature number 26, uncultured_uncultured_Eimeriidae.1
2025-07-03 23:17:35.552904 WARNING::Fitting problem for feature 26 returning NA
2025-07-03 23:17:35.557875 INFO::Fitting model to feature number 27, Mycamoeba_uncultured_freshwater
2025-07-03 23:17:35.581524 WARNING::Fitting problem for feature 27 returning NA
2025-07-03 23:17:35.586484 INFO::Fitting model to feature number 28, Mycamoeba_metagenome
2025-07-03 23:17:35.683814 WARNING::Fitting problem for feature 28 returning NA
2025-07-03 23:17:35.688913 INFO::Fitting model to feature number 29, Codosiga_Codosiga_hollandica
2025-07-03 23:17:35.712924 WARNING::Fitting problem for feature 29 returning NA
2025-07-03 23:17:35.717551 INFO::Fitting model to feature number 30, uncultured_uncultured_fungus
2025-07-03 23:17:35.740865 WARNING::Fitting problem for feature 30 returning NA
2025-07-03 23:17:35.745628 INFO::Fitting model to feature number 31, Sorodiplophrys_uncultured_Eimeriidae
2025-07-03 23:17:35.769535 WARNING::Fitting problem for feature 31 returning NA
2025-07-03 23:17:35.774032 INFO::Fitting model to feature number 32, Sorodiplophrys_uncultured_eukaryote
2025-07-03 23:17:35.799031 WARNING::Fitting problem for feature 32 returning NA
2025-07-03 23:17:35.803366 INFO::Fitting model to feature number 33, Jakobida_metagenome
2025-07-03 23:17:35.827894 WARNING::Fitting problem for feature 33 returning NA
2025-07-03 23:17:35.833352 INFO::Fitting model to feature number 34, Reclinomonas_Reclinomonas_americana
2025-07-03 23:17:35.914579 WARNING::Fitting problem for feature 34 returning NA
2025-07-03 23:17:35.92028 INFO::Fitting model to feature number 35, Incertae_Sedis_metagenome
2025-07-03 23:17:35.950752 WARNING::Fitting problem for feature 35 returning NA
2025-07-03 23:17:35.956935 INFO::Fitting model to feature number 36, Diplostraca_Diaphanosoma_sp.
2025-07-03 23:17:35.995367 WARNING::Fitting problem for feature 36 returning NA
2025-07-03 23:17:36.001438 INFO::Fitting model to feature number 37, Diplostraca_Chydorus_sphaericus
2025-07-03 23:17:36.02962 WARNING::Fitting problem for feature 37 returning NA
2025-07-03 23:17:36.034559 INFO::Fitting model to feature number 38, Diplostraca_Pleuroxus_aduncus
2025-07-03 23:17:36.059133 WARNING::Fitting problem for feature 38 returning NA
2025-07-03 23:17:36.064345 INFO::Fitting model to feature number 39, Diplostraca_Bosmina_longirostris
2025-07-03 23:17:36.090285 WARNING::Fitting problem for feature 39 returning NA
2025-07-03 23:17:36.095533 INFO::Fitting model to feature number 40, Diplostraca_Acroperus_harpae
2025-07-03 23:17:36.121002 WARNING::Fitting problem for feature 40 returning NA
2025-07-03 23:17:36.125657 INFO::Fitting model to feature number 41, Diptera_Ablabesmyia_rhamphe
2025-07-03 23:17:36.15125 WARNING::Fitting problem for feature 41 returning NA
2025-07-03 23:17:36.155501 INFO::Fitting model to feature number 42, Diptera_Belgica_antarctica
2025-07-03 23:17:36.178392 WARNING::Fitting problem for feature 42 returning NA
2025-07-03 23:17:36.183502 INFO::Fitting model to feature number 43, Legeriomycetaceae_Legeriosimilis_sp.
2025-07-03 23:17:36.212106 WARNING::Fitting problem for feature 43 returning NA
2025-07-03 23:17:36.216951 INFO::Fitting model to feature number 44, Smittium_Smittium_cf.
2025-07-03 23:17:36.241089 WARNING::Fitting problem for feature 44 returning NA
2025-07-03 23:17:36.246653 INFO::Fitting model to feature number 45, Zoopagales_metagenome
2025-07-03 23:17:36.282995 WARNING::Fitting problem for feature 45 returning NA
2025-07-03 23:17:36.287686 INFO::Fitting model to feature number 46, uncultured_metagenome
2025-07-03 23:17:36.31276 WARNING::Fitting problem for feature 46 returning NA
2025-07-03 23:17:36.317155 INFO::Fitting model to feature number 47, Flamella_uncultured_eukaryote
2025-07-03 23:17:36.341831 WARNING::Fitting problem for feature 47 returning NA
2025-07-03 23:17:36.346075 INFO::Fitting model to feature number 48, Telaepolella_Telaepolella_sp.
2025-07-03 23:17:36.368592 WARNING::Fitting problem for feature 48 returning NA
2025-07-03 23:17:36.373073 INFO::Fitting model to feature number 49, Telaepolella_Telaepolella_tubasferens
2025-07-03 23:17:36.398952 WARNING::Fitting problem for feature 49 returning NA
2025-07-03 23:17:36.403702 INFO::Fitting model to feature number 50, Acanthamoeba_Acanthamoeba_castellanii
2025-07-03 23:17:36.426738 WARNING::Fitting problem for feature 50 returning NA
2025-07-03 23:17:36.431615 INFO::Fitting model to feature number 51, Acanthamoeba_Acanthamoeba_hatchetti
2025-07-03 23:17:36.458981 WARNING::Fitting problem for feature 51 returning NA
2025-07-03 23:17:36.463424 INFO::Fitting model to feature number 52, Magnoliophyta_Acanthamoeba_sp.
2025-07-03 23:17:36.490865 WARNING::Fitting problem for feature 52 returning NA
2025-07-03 23:17:36.495581 INFO::Fitting model to feature number 53, Centramoebida_uncultured_eukaryote
2025-07-03 23:17:36.520382 WARNING::Fitting problem for feature 53 returning NA
2025-07-03 23:17:36.524819 INFO::Fitting model to feature number 54, Protosporangium_Endostelium_amerosporum
2025-07-03 23:17:36.570278 WARNING::Fitting problem for feature 54 returning NA
2025-07-03 23:17:36.575146 INFO::Fitting model to feature number 55, Ischnamoeba_Ischnamoeba_sp.
2025-07-03 23:17:36.605269 WARNING::Fitting problem for feature 55 returning NA
2025-07-03 23:17:36.612427 INFO::Fitting model to feature number 56, Amoebozoa_metagenome
2025-07-03 23:17:36.63857 WARNING::Fitting problem for feature 56 returning NA
2025-07-03 23:17:36.642892 INFO::Fitting model to feature number 57, Ischnamoeba_uncultured_eukaryote
2025-07-03 23:17:36.667038 WARNING::Fitting problem for feature 57 returning NA
2025-07-03 23:17:36.671631 INFO::Fitting model to feature number 58, Ischnamoeba_Lobosea_sp.
2025-07-03 23:17:36.69872 WARNING::Fitting problem for feature 58 returning NA
2025-07-03 23:17:36.703236 INFO::Fitting model to feature number 59, Rigifila_Rigifila_ramosa
2025-07-03 23:17:36.728024 WARNING::Fitting problem for feature 59 returning NA
2025-07-03 23:17:36.732505 INFO::Fitting model to feature number 60, H15-6_Choanocystis_symna
2025-07-03 23:17:36.783002 WARNING::Fitting problem for feature 60 returning NA
2025-07-03 23:17:36.790549 INFO::Fitting model to feature number 61, CV1-B1-93_uncultured_centroheliozoan
2025-07-03 23:17:36.823539 WARNING::Fitting problem for feature 61 returning NA
2025-07-03 23:17:36.829342 INFO::Fitting model to feature number 62, Pterocystis_Pterocystis_sp.
2025-07-03 23:17:36.857419 WARNING::Fitting problem for feature 62 returning NA
2025-07-03 23:17:36.861587 INFO::Fitting model to feature number 63, Pterocystis_uncultured_eukaryote
2025-07-03 23:17:36.888538 WARNING::Fitting problem for feature 63 returning NA
2025-07-03 23:17:36.892853 INFO::Fitting model to feature number 64, Acanthocystidae_uncultured_eukaryote
2025-07-03 23:17:36.91771 WARNING::Fitting problem for feature 64 returning NA
2025-07-03 23:17:36.923089 INFO::Fitting model to feature number 65, H1-10_uncultured_eukaryote
2025-07-03 23:17:36.949088 WARNING::Fitting problem for feature 65 returning NA
2025-07-03 23:17:36.954315 INFO::Fitting model to feature number 66, Haptophyta_Spironema_cf.
2025-07-03 23:17:36.978149 WARNING::Fitting problem for feature 66 returning NA
2025-07-03 23:17:36.982904 INFO::Fitting model to feature number 67, Parvilucifera_uncultured_alveolate
2025-07-03 23:17:37.011796 WARNING::Fitting problem for feature 67 returning NA
2025-07-03 23:17:37.021272 INFO::Performing tests against medians
2025-07-03 23:17:37.028923 INFO::Counting total values for each feature
2025-07-03 23:17:37.032352 INFO::Running the logistic model component
2025-07-03 23:17:37.03783 DEBUG::Object: augment, Size: 56
2025-07-03 23:17:37.038945 DEBUG::Object: cluster, Size: 0
2025-07-03 23:17:37.040025 DEBUG::Object: cores, Size: 56
2025-07-03 23:17:37.040957 DEBUG::Object: correction, Size: 112
2025-07-03 23:17:37.041925 DEBUG::Object: extract_out, Size: 1864
2025-07-03 23:17:37.042713 DEBUG::Object: feature_specific_covariate, Size: 0
2025-07-03 23:17:37.043623 DEBUG::Object: feature_specific_covariate_name, Size: 0
2025-07-03 23:17:37.044893 DEBUG::Object: feature_specific_covariate_record, Size: 0
2025-07-03 23:17:37.046076 DEBUG::Object: features, Size: 12864
2025-07-03 23:17:37.047518 DEBUG::Object: formula, Size: 1456
2025-07-03 23:17:37.048723 DEBUG::Object: fun_list, Size: 212584
2025-07-03 23:17:37.04968 DEBUG::Object: func_to_run, Size: 435336
2025-07-03 23:17:37.050588 DEBUG::Object: groups, Size: 48
2025-07-03 23:17:37.051471 DEBUG::Object: median_comparison, Size: 56
2025-07-03 23:17:37.052622 DEBUG::Object: median_comparison_threshold, Size: 56
2025-07-03 23:17:37.05347 DEBUG::Object: metadata, Size: 11912
2025-07-03 23:17:37.0543 DEBUG::Object: model, Size: 120
2025-07-03 23:17:37.05515 DEBUG::Object: model_function, Size: 161200
2025-07-03 23:17:37.05602 DEBUG::Object: ordereds, Size: 48
2025-07-03 23:17:37.05686 DEBUG::Object: random_effects_formula, Size: 1176
2025-07-03 23:17:37.057576 DEBUG::Object: ranef_function, Size: 1240
2025-07-03 23:17:37.058246 DEBUG::Object: save_models, Size: 56
2025-07-03 23:17:37.058927 DEBUG::Object: small_random_effects, Size: 56
2025-07-03 23:17:37.059623 DEBUG::Object: strata, Size: 48
2025-07-03 23:17:37.060414 DEBUG::Object: subtract_median, Size: 56
2025-07-03 23:17:37.061142 DEBUG::Object: summary_function, Size: 49664
2025-07-03 23:17:37.062052 DEBUG::Object: func_to_run, Size: 435336
2025-07-03 23:17:37.063204 INFO::Fitting model to feature number 1, Euamoebida_Copromyxa_microcystidis
2025-07-03 23:17:37.072937 WARNING::Fitting problem for feature 1 returning NA
2025-07-03 23:17:37.077992 INFO::Fitting model to feature number 2, Euamoebida_Copromyxa_sp.
2025-07-03 23:17:37.086997 WARNING::Fitting problem for feature 2 returning NA
2025-07-03 23:17:37.091394 INFO::Fitting model to feature number 3, Vahlkampfia_Vahlkampfia_avara
2025-07-03 23:17:37.101454 WARNING::Fitting problem for feature 3 returning NA
2025-07-03 23:17:37.107249 INFO::Fitting model to feature number 4, Tetramitus_Tetramitus_thorntoni
2025-07-03 23:17:37.117817 WARNING::Fitting problem for feature 4 returning NA
2025-07-03 23:17:37.122642 INFO::Fitting model to feature number 5, Arcellinida_metagenome
2025-07-03 23:17:37.12786 INFO::Fitting model to feature number 6, BOLA868_uncultured_Hartmannellidae
2025-07-03 23:17:37.137646 WARNING::Fitting problem for feature 6 returning NA
2025-07-03 23:17:37.143041 INFO::Fitting model to feature number 7, Cercomonas_uncultured_Cercozoa
2025-07-03 23:17:37.152613 WARNING::Fitting problem for feature 7 returning NA
2025-07-03 23:17:37.158849 INFO::Fitting model to feature number 8, Viridiraptor_uncultured_eukaryote
2025-07-03 23:17:37.170237 WARNING::Fitting problem for feature 8 returning NA
2025-07-03 23:17:37.175547 INFO::Fitting model to feature number 9, uncultured_uncultured_Eimeriidae
2025-07-03 23:17:37.179782 INFO::Fitting model to feature number 10, Cercozoa_uncultured_eukaryote
2025-07-03 23:17:37.188745 WARNING::Fitting problem for feature 10 returning NA
2025-07-03 23:17:37.19319 INFO::Fitting model to feature number 11, Novel_Clade_Gran-4_uncultured_Cercozoa
2025-07-03 23:17:37.202172 WARNING::Fitting problem for feature 11 returning NA
2025-07-03 23:17:37.208435 INFO::Fitting model to feature number 12, Novel_Clade_Gran-3_uncultured_freshwater
2025-07-03 23:17:37.21792 WARNING::Fitting problem for feature 12 returning NA
2025-07-03 23:17:37.224717 INFO::Fitting model to feature number 13, Ligniera_Ligniera_junci
2025-07-03 23:17:37.234349 WARNING::Fitting problem for feature 13 returning NA
2025-07-03 23:17:37.239747 INFO::Fitting model to feature number 14, Polymyxa_uncultured_Plasmodiophoridae
2025-07-03 23:17:37.248525 WARNING::Fitting problem for feature 14 returning NA
2025-07-03 23:17:37.252793 INFO::Fitting model to feature number 15, uncultured_Spongospora_sp.
2025-07-03 23:17:37.261631 WARNING::Fitting problem for feature 15 returning NA
2025-07-03 23:17:37.266309 INFO::Fitting model to feature number 16, Phytomyxea_uncultured_Plasmodiophoridae
2025-07-03 23:17:37.274864 WARNING::Fitting problem for feature 16 returning NA
2025-07-03 23:17:37.280634 INFO::Fitting model to feature number 17, Woronina_uncultured_Plasmodiophoridae
2025-07-03 23:17:37.284873 INFO::Fitting model to feature number 18, Cercozoa_Athalamea_environmental
2025-07-03 23:17:37.294629 WARNING::Fitting problem for feature 18 returning NA
2025-07-03 23:17:37.299421 INFO::Fitting model to feature number 19, uncultured_Dimorpha-like_sp.
2025-07-03 23:17:37.30845 WARNING::Fitting problem for feature 19 returning NA
2025-07-03 23:17:37.312873 INFO::Fitting model to feature number 20, Gymnophrys_metagenome
2025-07-03 23:17:37.321437 WARNING::Fitting problem for feature 20 returning NA
2025-07-03 23:17:37.326233 INFO::Fitting model to feature number 21, Novel_Clade_10_uncultured_Rhizaria
2025-07-03 23:17:37.33447 WARNING::Fitting problem for feature 21 returning NA
2025-07-03 23:17:37.340112 INFO::Fitting model to feature number 22, Goniomonas_Goniomonas_sp.
2025-07-03 23:17:37.34962 WARNING::Fitting problem for feature 22 returning NA
2025-07-03 23:17:37.354505 INFO::Fitting model to feature number 23, Nuclearia_metagenome
2025-07-03 23:17:37.363282 WARNING::Fitting problem for feature 23 returning NA
2025-07-03 23:17:37.367738 INFO::Fitting model to feature number 24, Salpingoeca_metagenome
2025-07-03 23:17:37.377339 WARNING::Fitting problem for feature 24 returning NA
2025-07-03 23:17:37.3824 INFO::Fitting model to feature number 25, Saccamoeba_Saccamoeba_limax
2025-07-03 23:17:37.392122 WARNING::Fitting problem for feature 25 returning NA
2025-07-03 23:17:37.397703 INFO::Fitting model to feature number 26, uncultured_uncultured_Eimeriidae.1
2025-07-03 23:17:37.406926 WARNING::Fitting problem for feature 26 returning NA
2025-07-03 23:17:37.412168 INFO::Fitting model to feature number 27, Mycamoeba_uncultured_freshwater
2025-07-03 23:17:37.422694 WARNING::Fitting problem for feature 27 returning NA
2025-07-03 23:17:37.427765 INFO::Fitting model to feature number 28, Mycamoeba_metagenome
2025-07-03 23:17:37.437017 WARNING::Fitting problem for feature 28 returning NA
2025-07-03 23:17:37.441525 INFO::Fitting model to feature number 29, Codosiga_Codosiga_hollandica
2025-07-03 23:17:37.451417 WARNING::Fitting problem for feature 29 returning NA
2025-07-03 23:17:37.456621 INFO::Fitting model to feature number 30, uncultured_uncultured_fungus
2025-07-03 23:17:37.465929 WARNING::Fitting problem for feature 30 returning NA
2025-07-03 23:17:37.474846 INFO::Fitting model to feature number 31, Sorodiplophrys_uncultured_Eimeriidae
2025-07-03 23:17:37.484229 WARNING::Fitting problem for feature 31 returning NA
2025-07-03 23:17:37.488977 INFO::Fitting model to feature number 32, Sorodiplophrys_uncultured_eukaryote
2025-07-03 23:17:37.500938 WARNING::Fitting problem for feature 32 returning NA
2025-07-03 23:17:37.507003 INFO::Fitting model to feature number 33, Jakobida_metagenome
2025-07-03 23:17:37.519852 WARNING::Fitting problem for feature 33 returning NA
2025-07-03 23:17:37.524861 INFO::Fitting model to feature number 34, Reclinomonas_Reclinomonas_americana
2025-07-03 23:17:37.534604 WARNING::Fitting problem for feature 34 returning NA
2025-07-03 23:17:37.539954 INFO::Fitting model to feature number 35, Incertae_Sedis_metagenome
2025-07-03 23:17:37.549538 WARNING::Fitting problem for feature 35 returning NA
2025-07-03 23:17:37.554923 INFO::Fitting model to feature number 36, Diplostraca_Diaphanosoma_sp.
2025-07-03 23:17:37.563293 WARNING::Fitting problem for feature 36 returning NA
2025-07-03 23:17:37.569904 INFO::Fitting model to feature number 37, Diplostraca_Chydorus_sphaericus
2025-07-03 23:17:37.578556 WARNING::Fitting problem for feature 37 returning NA
2025-07-03 23:17:37.583223 INFO::Fitting model to feature number 38, Diplostraca_Pleuroxus_aduncus
2025-07-03 23:17:37.591606 WARNING::Fitting problem for feature 38 returning NA
2025-07-03 23:17:37.596921 INFO::Fitting model to feature number 39, Diplostraca_Bosmina_longirostris
2025-07-03 23:17:37.618672 WARNING::Fitting problem for feature 39 returning NA
2025-07-03 23:17:37.626501 INFO::Fitting model to feature number 40, Diplostraca_Acroperus_harpae
2025-07-03 23:17:37.641062 WARNING::Fitting problem for feature 40 returning NA
2025-07-03 23:17:37.647942 INFO::Fitting model to feature number 41, Diptera_Ablabesmyia_rhamphe
2025-07-03 23:17:37.659697 WARNING::Fitting problem for feature 41 returning NA
2025-07-03 23:17:37.664155 INFO::Fitting model to feature number 42, Diptera_Belgica_antarctica
2025-07-03 23:17:37.673986 WARNING::Fitting problem for feature 42 returning NA
2025-07-03 23:17:37.679416 INFO::Fitting model to feature number 43, Legeriomycetaceae_Legeriosimilis_sp.
2025-07-03 23:17:37.688572 WARNING::Fitting problem for feature 43 returning NA
2025-07-03 23:17:37.693579 INFO::Fitting model to feature number 44, Smittium_Smittium_cf.
2025-07-03 23:17:37.706638 WARNING::Fitting problem for feature 44 returning NA
2025-07-03 23:17:37.713133 INFO::Fitting model to feature number 45, Zoopagales_metagenome
2025-07-03 23:17:37.726459 WARNING::Fitting problem for feature 45 returning NA
2025-07-03 23:17:37.732492 INFO::Fitting model to feature number 46, uncultured_metagenome
2025-07-03 23:17:37.737718 INFO::Fitting model to feature number 47, Flamella_uncultured_eukaryote
2025-07-03 23:17:37.748049 WARNING::Fitting problem for feature 47 returning NA
2025-07-03 23:17:37.752515 INFO::Fitting model to feature number 48, Telaepolella_Telaepolella_sp.
2025-07-03 23:17:37.76138 WARNING::Fitting problem for feature 48 returning NA
2025-07-03 23:17:37.766966 INFO::Fitting model to feature number 49, Telaepolella_Telaepolella_tubasferens
2025-07-03 23:17:37.772678 INFO::Fitting model to feature number 50, Acanthamoeba_Acanthamoeba_castellanii
2025-07-03 23:17:37.785255 WARNING::Fitting problem for feature 50 returning NA
2025-07-03 23:17:37.791261 INFO::Fitting model to feature number 51, Acanthamoeba_Acanthamoeba_hatchetti
2025-07-03 23:17:37.805774 WARNING::Fitting problem for feature 51 returning NA
2025-07-03 23:17:37.810755 INFO::Fitting model to feature number 52, Magnoliophyta_Acanthamoeba_sp.
2025-07-03 23:17:37.820279 WARNING::Fitting problem for feature 52 returning NA
2025-07-03 23:17:37.826021 INFO::Fitting model to feature number 53, Centramoebida_uncultured_eukaryote
2025-07-03 23:17:37.837714 WARNING::Fitting problem for feature 53 returning NA
2025-07-03 23:17:37.842808 INFO::Fitting model to feature number 54, Protosporangium_Endostelium_amerosporum
2025-07-03 23:17:37.851244 WARNING::Fitting problem for feature 54 returning NA
2025-07-03 23:17:37.857392 INFO::Fitting model to feature number 55, Ischnamoeba_Ischnamoeba_sp.
2025-07-03 23:17:37.867049 WARNING::Fitting problem for feature 55 returning NA
2025-07-03 23:17:37.873215 INFO::Fitting model to feature number 56, Amoebozoa_metagenome
2025-07-03 23:17:37.881834 WARNING::Fitting problem for feature 56 returning NA
2025-07-03 23:17:37.886888 INFO::Fitting model to feature number 57, Ischnamoeba_uncultured_eukaryote
2025-07-03 23:17:37.895315 WARNING::Fitting problem for feature 57 returning NA
2025-07-03 23:17:37.900637 INFO::Fitting model to feature number 58, Ischnamoeba_Lobosea_sp.
2025-07-03 23:17:37.905618 INFO::Fitting model to feature number 59, Rigifila_Rigifila_ramosa
2025-07-03 23:17:37.914171 WARNING::Fitting problem for feature 59 returning NA
2025-07-03 23:17:37.920779 INFO::Fitting model to feature number 60, H15-6_Choanocystis_symna
2025-07-03 23:17:37.929452 WARNING::Fitting problem for feature 60 returning NA
2025-07-03 23:17:37.934555 INFO::Fitting model to feature number 61, CV1-B1-93_uncultured_centroheliozoan
2025-07-03 23:17:37.946516 WARNING::Fitting problem for feature 61 returning NA
2025-07-03 23:17:37.9514 INFO::Fitting model to feature number 62, Pterocystis_Pterocystis_sp.
2025-07-03 23:17:37.962526 WARNING::Fitting problem for feature 62 returning NA
2025-07-03 23:17:37.96818 INFO::Fitting model to feature number 63, Pterocystis_uncultured_eukaryote
2025-07-03 23:17:37.978373 WARNING::Fitting problem for feature 63 returning NA
2025-07-03 23:17:37.983213 INFO::Fitting model to feature number 64, Acanthocystidae_uncultured_eukaryote
2025-07-03 23:17:37.992317 WARNING::Fitting problem for feature 64 returning NA
2025-07-03 23:17:37.997249 INFO::Fitting model to feature number 65, H1-10_uncultured_eukaryote
2025-07-03 23:17:38.00674 WARNING::Fitting problem for feature 65 returning NA
2025-07-03 23:17:38.011436 INFO::Fitting model to feature number 66, Haptophyta_Spironema_cf.
2025-07-03 23:17:38.02008 WARNING::Fitting problem for feature 66 returning NA
2025-07-03 23:17:38.025115 INFO::Fitting model to feature number 67, Parvilucifera_uncultured_alveolate
2025-07-03 23:17:38.034511 WARNING::Fitting problem for feature 67 returning NA
2025-07-03 23:17:38.050914 INFO::Counting total values for each feature
2025-07-03 23:17:38.055698 INFO::Re-running abundances for warn_prevalence
2025-07-03 23:17:38.058194 INFO::Running selected normalization method: TSS
